<?xml version="1.0" encoding="UTF-8"?>
<testng-results skipped="0" failed="0" ignored="0" total="1" passed="1">
  <reporter-output>
  </reporter-output>
  <suite name="Default suite" duration-ms="29276" started-at="2017-08-18T11:32:41Z" finished-at="2017-08-18T11:33:11Z">
    <groups>
    </groups>
    <test name="Default test" duration-ms="29276" started-at="2017-08-18T11:32:41Z" finished-at="2017-08-18T11:33:11Z">
      <class name="com.testcases.LoginTest">
        <test-method status="PASS" signature="testng()[pri:0, instance:com.testcases.LoginTest@5dfcfece]" name="testng" duration-ms="28121" started-at="2017-08-18T17:02:41Z" finished-at="2017-08-18T17:03:10Z">
          <reporter-output>
          </reporter-output>
        </test-method> <!-- testng -->
        <test-method status="PASS" signature="afterMethod(org.testng.ITestResult)[pri:0, instance:com.testcases.LoginTest@5dfcfece]" name="afterMethod" is-config="true" duration-ms="1117" started-at="2017-08-18T17:03:10Z" finished-at="2017-08-18T17:03:11Z">
          <params>
            <param index="0">
              <value>
                <![CDATA[[TestResult name=testng status=SUCCESS method=LoginTest.testng()[pri:0, instance:com.testcases.LoginTest@5dfcfece] output={null}]]]>
              </value>
            </param>
          </params>
          <reporter-output>
          </reporter-output>
        </test-method> <!-- afterMethod -->
      </class> <!-- com.testcases.LoginTest -->
    </test> <!-- Default test -->
  </suite> <!-- Default suite -->
</testng-results>
